


BACKUP-Lauf vom Mi 9. Okt 18:58:26 CEST 2013
Für heute gibt es schon ein tägliches Backup :) ... ich lasse die Finger von Taeglich
Es gibt nichts zu verschieben (weniger als 7 Tages-Sicherungen)
Es gibt nichts zu verschieben (weniger als 4 Wochen-Sicherungen)



BACKUP-Lauf vom Mi 9. Okt 18:58:27 CEST 2013
Für heute gibt es schon ein tägliches Backup :) ... ich lasse die Finger von Taeglich
Es gibt nichts zu verschieben (weniger als 7 Tages-Sicherungen)
Es gibt nichts zu verschieben (weniger als 4 Wochen-Sicherungen)
huhu



BACKUP-Lauf vom Mi 9. Okt 18:59:33 CEST 2013



BACKUP-Lauf vom Mi 9. Okt 18:59:41 CEST 2013



BACKUP-Lauf vom Mi 9. Okt 18:59:57 CEST 2013



BACKUP-Lauf vom Mi 9. Okt 19:00:01 CEST 2013



BACKUP-Lauf vom Mi 9. Okt 19:00:02 CEST 2013



BACKUP-Lauf vom Mi 9. Okt 19:00:02 CEST 2013



BACKUP-Lauf vom Mi 9. Okt 19:00:24 CEST 2013
Für heute gibt es schon ein tägliches Backup :) ... ich lasse die Finger von Taeglich
Es gibt nichts zu verschieben (weniger als 7 Tages-Sicherungen)
Es gibt nichts zu verschieben (weniger als 4 Wochen-Sicherungen)



BACKUP-Lauf vom Mi 9. Okt 19:00:27 CEST 2013
Für heute gibt es schon ein tägliches Backup :) ... ich lasse die Finger von Taeglich
Es gibt nichts zu verschieben (weniger als 7 Tages-Sicherungen)
Es gibt nichts zu verschieben (weniger als 4 Wochen-Sicherungen)



BACKUP-Lauf vom Mi 9. Okt 19:00:29 CEST 2013
Für heute gibt es schon ein tägliches Backup :) ... ich lasse die Finger von Taeglich
Es gibt nichts zu verschieben (weniger als 7 Tages-Sicherungen)
Es gibt nichts zu verschieben (weniger als 4 Wochen-Sicherungen)
#######################################################


BACKUP-Lauf vom Mi 9. Okt 19:00:46 CEST 2013
Für heute gibt es schon ein tägliches Backup :) ... ich lasse die Finger von Taeglich
Es gibt nichts zu verschieben (weniger als 7 Tages-Sicherungen)
Es gibt nichts zu verschieben (weniger als 4 Wochen-Sicherungen)
#######################################################


BACKUP-Lauf vom Mi 9. Okt 19:04:33 CEST 2013
Für heute gibt es schon ein tägliches Backup :) ... ich lasse die Finger von Taeglich
Es gibt nichts zu verschieben (weniger als 7 Tages-Sicherungen)
Es gibt nichts zu verschieben (weniger als 4 Wochen-Sicherungen)
#######################################################


BACKUP-Lauf vom Mi 9. Okt 19:05:45 CEST 2013
#######################################################


BACKUP-Lauf vom Mi 9. Okt 19:06:06 CEST 2013
Für heute gibt es schon ein tägliches Backup :) ... ich lasse die Finger von Taeglich
Es gibt nichts zu verschieben (weniger als 7 Tages-Sicherungen)
Es gibt nichts zu verschieben (weniger als 4 Wochen-Sicherungen)
#######################################################


BACKUP-Lauf vom Mi 9. Okt 19:09:25 CEST 2013
Heute gibt es noch keine daily Sicherung. Kopiere älteste Hourly-Datei nach Daily
...erfolg.
Diese Woche gibt es noch keine Sicherung. Kopiere älteste Daily-Datei nach 4
...erfolg.
Es gibt nichts zu verschieben (weniger als 4 Wochen-Sicherungen)
#######################################################


BACKUP-Lauf vom Mi 9. Okt 19:10:33 CEST 2013
Heute gibt es noch keine daily Sicherung. Kopiere älteste Hourly-Datei nach Taeglich
...erfolg.
Für diese Woche gibt es schon ein Backup :) ... ich lasse die Finger von Woechentlich
Es gibt nichts zu verschieben (weniger als 4 Wochen-Sicherungen)
#######################################################


BACKUP-Lauf vom Mi 9. Okt 19:13:07 CEST 2013
Heute gibt es noch keine daily Sicherung. Kopiere älteste Hourly-Datei nach Taeglich
...erfolg.
Diese Woche gibt es noch keine Sicherung. Kopiere älteste Daily-Datei nach Woechentlich
...erfolg.
Diesen Monat gibt es noch keine Sicherung. Kopiere älteste WEEKLY-Datei nach Monatlich
...erfolg.
#######################################################


BACKUP-Lauf vom Mi 9. Okt 19:13:15 CEST 2013
Heute gibt es noch keine daily Sicherung. Kopiere älteste Hourly-Datei nach Taeglich
...erfolg.
Diese Woche gibt es noch keine Sicherung. Kopiere älteste Daily-Datei nach Woechentlich
...erfolg.
Für diesen Monat gibt es schon ein Backup :) ... ich lasse die Finger von Monatlich
#######################################################


BACKUP-Lauf vom Mi 9. Okt 19:13:19 CEST 2013
Heute gibt es noch keine daily Sicherung. Kopiere älteste Hourly-Datei nach Taeglich
...erfolg.
Diese Woche gibt es noch keine Sicherung. Kopiere älteste Daily-Datei nach Woechentlich
...erfolg.
Für diesen Monat gibt es schon ein Backup :) ... ich lasse die Finger von Monatlich
#######################################################


BACKUP-Lauf vom Mi 9. Okt 19:13:21 CEST 2013
Heute gibt es noch keine daily Sicherung. Kopiere älteste Hourly-Datei nach Taeglich
...erfolg.
Diese Woche gibt es noch keine Sicherung. Kopiere älteste Daily-Datei nach Woechentlich
...erfolg.
Für diesen Monat gibt es schon ein Backup :) ... ich lasse die Finger von Monatlich
#######################################################


BACKUP-Lauf vom Mi 9. Okt 19:13:22 CEST 2013
Heute gibt es noch keine daily Sicherung. Kopiere älteste Hourly-Datei nach Taeglich
...erfolg.
Diese Woche gibt es noch keine Sicherung. Kopiere älteste Daily-Datei nach Woechentlich
...erfolg.
Für diesen Monat gibt es schon ein Backup :) ... ich lasse die Finger von Monatlich
#######################################################


BACKUP-Lauf vom Mi 9. Okt 19:13:58 CEST 2013
Heute gibt es noch keine daily Sicherung. Kopiere älteste Hourly-Datei nach Taeglich
...erfolg.
Diese Woche gibt es noch keine Sicherung. Kopiere älteste Daily-Datei nach Woechentlich
...erfolg.
Für diesen Monat gibt es schon ein Backup :) ... ich lasse die Finger von Monatlich
#######################################################


BACKUP-Lauf vom Mi 9. Okt 19:15:39 CEST 2013
'Stuendlich' existiert nicht... erzeuge das Verzeichnis:...hat geklappt.
'Taeglich' existiert nicht... erzeuge das Verzeichnis:...hat geklappt.
'Woechentlich' existiert nicht... erzeuge das Verzeichnis:...hat geklappt.
'Monatlich' existiert nicht... erzeuge das Verzeichnis:...hat geklappt.
Es gibt nichts zu verschieben (weniger als 3 stündliche Sicherungen)
Es gibt nichts zu verschieben (weniger als 7 Tages-Sicherungen)
Es gibt nichts zu verschieben (weniger als 4 Wochen-Sicherungen)
#######################################################


BACKUP-Lauf vom Mi 9. Okt 19:16:58 CEST 2013
Es gibt nichts zu verschieben (weniger als 3 stündliche Sicherungen)
Es gibt nichts zu verschieben (weniger als 7 Tages-Sicherungen)
Es gibt nichts zu verschieben (weniger als 4 Wochen-Sicherungen)
#######################################################


BACKUP-Lauf vom Mi 9. Okt 19:17:18 CEST 2013
Es gibt nichts zu verschieben (weniger als 3 stündliche Sicherungen)
Es gibt nichts zu verschieben (weniger als 7 Tages-Sicherungen)
Es gibt nichts zu verschieben (weniger als 4 Wochen-Sicherungen)
#######################################################


BACKUP-Lauf vom Mi 9. Okt 19:17:39 CEST 2013
Es gibt nichts zu verschieben (weniger als 3 stündliche Sicherungen)
Es gibt nichts zu verschieben (weniger als 7 Tages-Sicherungen)
Es gibt nichts zu verschieben (weniger als 4 Wochen-Sicherungen)
#######################################################


BACKUP-Lauf vom Mi 9. Okt 19:17:44 CEST 2013
Es gibt nichts zu verschieben (weniger als 3 stündliche Sicherungen)
Es gibt nichts zu verschieben (weniger als 7 Tages-Sicherungen)
Es gibt nichts zu verschieben (weniger als 4 Wochen-Sicherungen)
#######################################################


BACKUP-Lauf vom Mi 9. Okt 19:17:52 CEST 2013
Heute gibt es noch keine daily Sicherung. Kopiere älteste Hourly-Datei nach Taeglich
...erfolg.
Es gibt nichts zu verschieben (weniger als 7 Tages-Sicherungen)
Es gibt nichts zu verschieben (weniger als 4 Wochen-Sicherungen)
#######################################################


BACKUP-Lauf vom Mi 9. Okt 19:19:11 CEST 2013
Für heute gibt es schon ein tägliches Backup :) ... ich lasse die Finger von Taeglich
Es gibt nichts zu verschieben (weniger als 7 Tages-Sicherungen)
Es gibt nichts zu verschieben (weniger als 4 Wochen-Sicherungen)
#######################################################


BACKUP-Lauf vom Mi 9. Okt 19:19:46 CEST 2013
Es gibt nichts zu verschieben (weniger als 3 stündliche Sicherungen)
Es gibt nichts zu verschieben (weniger als 7 Tages-Sicherungen)
Es gibt nichts zu verschieben (weniger als 4 Wochen-Sicherungen)
#######################################################


BACKUP-Lauf vom Mi 9. Okt 19:20:12 CEST 2013
Für heute gibt es schon ein tägliches Backup :) ... ich lasse die Finger von Taeglich
Es gibt nichts zu verschieben (weniger als 7 Tages-Sicherungen)
Es gibt nichts zu verschieben (weniger als 4 Wochen-Sicherungen)
#######################################################


BACKUP-Lauf vom Mi 9. Okt 19:20:52 CEST 2013
Heute gibt es noch keine daily Sicherung. Kopiere älteste Hourly-Datei nach Taeglich
...erfolg.
Es gibt nichts zu verschieben (weniger als 7 Tages-Sicherungen)
Es gibt nichts zu verschieben (weniger als 4 Wochen-Sicherungen)
#######################################################


BACKUP-Lauf vom Mi 9. Okt 19:22:03 CEST 2013
Es gibt nichts zu verschieben (weniger als 3 stündliche Sicherungen)
Es gibt nichts zu verschieben (weniger als 3 Tages-Sicherungen)
Es gibt nichts zu verschieben (weniger als 3 Wochen-Sicherungen)
#######################################################


BACKUP-Lauf vom Mi 9. Okt 19:22:36 CEST 2013
Heute gibt es noch keine daily Sicherung. Kopiere älteste Hourly-Datei nach Taeglich
...erfolg.
Es gibt nichts zu verschieben (weniger als 3 Tages-Sicherungen)
Es gibt nichts zu verschieben (weniger als 3 Wochen-Sicherungen)
#######################################################


BACKUP-Lauf vom Mi 9. Okt 19:23:18 CEST 2013
Es gibt nichts zu verschieben (weniger als 3 stündliche Sicherungen)
Es gibt nichts zu verschieben (weniger als 3 Tages-Sicherungen)
Es gibt nichts zu verschieben (weniger als 3 Wochen-Sicherungen)
#######################################################


BACKUP-Lauf vom Mi 9. Okt 19:23:25 CEST 2013
Heute gibt es noch keine daily Sicherung. Kopiere älteste Hourly-Datei nach Taeglich
...erfolg.
Diese Woche gibt es noch keine Sicherung. Kopiere älteste Daily-Datei nach Woechentlich
...erfolg.
Es gibt nichts zu verschieben (weniger als 3 Wochen-Sicherungen)
#######################################################


BACKUP-Lauf vom Mi 9. Okt 19:24:20 CEST 2013
Es gibt nichts zu verschieben (weniger als 3 stündliche Sicherungen)
Diese Woche gibt es noch keine Sicherung. Kopiere älteste Daily-Datei nach Woechentlich
...erfolg.
Es gibt nichts zu verschieben (weniger als 3 Wochen-Sicherungen)
#######################################################


BACKUP-Lauf vom Mi 9. Okt 19:24:27 CEST 2013
Es gibt nichts zu verschieben (weniger als 3 stündliche Sicherungen)
Für diese Woche gibt es schon ein Backup :) ... ich lasse die Finger von Woechentlich
Es gibt nichts zu verschieben (weniger als 3 Wochen-Sicherungen)
#######################################################


BACKUP-Lauf vom Mi 9. Okt 19:24:30 CEST 2013
Es gibt nichts zu verschieben (weniger als 3 stündliche Sicherungen)
Für diese Woche gibt es schon ein Backup :) ... ich lasse die Finger von Woechentlich
Es gibt nichts zu verschieben (weniger als 3 Wochen-Sicherungen)
#######################################################


BACKUP-Lauf vom Mi 9. Okt 19:25:10 CEST 2013
Es gibt nichts zu verschieben (weniger als 3 stündliche Sicherungen)
Es gibt nichts zu verschieben (weniger als 3 Tages-Sicherungen)
Es gibt nichts zu verschieben (weniger als 3 Wochen-Sicherungen)
#######################################################


BACKUP-Lauf vom Mi 9. Okt 19:26:51 CEST 2013
Für heute gibt es schon ein tägliches Backup :) ... ich lasse die Finger von Taeglich
Es gibt nichts zu verschieben (weniger als 3 Tages-Sicherungen)
Es gibt nichts zu verschieben (weniger als 3 Wochen-Sicherungen)
#######################################################


BACKUP-Lauf vom Mi 9. Okt 19:27:37 CEST 2013
Heute gibt es noch keine daily Sicherung. Kopiere älteste Hourly-Datei nach Taeglich
...erfolg.
Für diese Woche gibt es schon ein Backup :) ... ich lasse die Finger von Woechentlich
Es gibt nichts zu verschieben (weniger als 3 Wochen-Sicherungen)
#######################################################


BACKUP-Lauf vom Mi 9. Okt 19:27:43 CEST 2013
Es gibt nichts zu verschieben (weniger als 3 stündliche Sicherungen)
Für diese Woche gibt es schon ein Backup :) ... ich lasse die Finger von Woechentlich
Es gibt nichts zu verschieben (weniger als 3 Wochen-Sicherungen)
#######################################################


BACKUP-Lauf vom Mi 9. Okt 19:28:22 CEST 2013
Es gibt nichts zu verschieben (weniger als 3 stündliche Sicherungen)
Diese Woche gibt es noch keine Sicherung. Kopiere älteste Daily-Datei nach Woechentlich
...erfolg.
Diesen Monat gibt es noch keine Sicherung. Kopiere älteste WEEKLY-Datei nach Monatlich
...erfolg.
#######################################################


BACKUP-Lauf vom Mi 9. Okt 19:28:26 CEST 2013
Es gibt nichts zu verschieben (weniger als 3 stündliche Sicherungen)
Für diese Woche gibt es schon ein Backup :) ... ich lasse die Finger von Woechentlich
Für diesen Monat gibt es schon ein Backup :) ... ich lasse die Finger von Monatlich
#######################################################


BACKUP-Lauf vom Mi 9. Okt 19:28:28 CEST 2013
Es gibt nichts zu verschieben (weniger als 3 stündliche Sicherungen)
Für diese Woche gibt es schon ein Backup :) ... ich lasse die Finger von Woechentlich
Für diesen Monat gibt es schon ein Backup :) ... ich lasse die Finger von Monatlich
#######################################################


BACKUP-Lauf vom Mi 9. Okt 19:28:28 CEST 2013
Es gibt nichts zu verschieben (weniger als 3 stündliche Sicherungen)
Für diese Woche gibt es schon ein Backup :) ... ich lasse die Finger von Woechentlich
Für diesen Monat gibt es schon ein Backup :) ... ich lasse die Finger von Monatlich
#######################################################


BACKUP-Lauf vom Mi 9. Okt 19:49:27 CEST 2013
Es gibt nichts zu verschieben (3 Sicherungen)
Heute gibt es noch keine daily Sicherung. Kopiere älteste Hourly-Datei nach Taeglich
...erfolg.
Für diese Woche gibt es schon ein Backup :) ... ich lasse die Finger von Woechentlich
Für diesen Monat gibt es schon ein Backup :) ... ich lasse die Finger von Monatlich
In Monatlich gibt nichts zu löschen (3 Sicherungen)
2013-10-06_38_15-42 löschen fehlgeschlagen
2013-10-07_41_16-16 löschen fehlgeschlagen
2013-10-09_51_21-16 löschen fehlgeschlagen
#######################################################


BACKUP-Lauf vom Mi 9. Okt 19:49:43 CEST 2013
Es gibt nichts zu verschieben (3 Sicherungen)
Heute gibt es noch keine daily Sicherung. Kopiere älteste Hourly-Datei nach Taeglich
...erfolg.
Für diese Woche gibt es schon ein Backup :) ... ich lasse die Finger von Woechentlich
Für diesen Monat gibt es schon ein Backup :) ... ich lasse die Finger von Monatlich
In Monatlich gibt nichts zu löschen (3 Sicherungen)
2013-10-06_38_15-42 löschen fehlgeschlagen
2013-10-07_41_16-16 löschen fehlgeschlagen
2013-10-09_51_21-16 löschen fehlgeschlagen
#######################################################


BACKUP-Lauf vom Mi 9. Okt 19:51:19 CEST 2013
Es gibt nichts zu verschieben (6 Sicherungen)
Heute gibt es noch keine daily Sicherung. Kopiere älteste Hourly-Datei nach Taeglich
...erfolg.
Es gibt nichts zu verschieben (weniger als 7 Tages-Sicherungen)
Es gibt nichts zu verschieben (weniger als 4 Wochen-Sicherungen)
In Monatlich gibt nichts zu löschen (8 Sicherungen)
2013-10-06_38_15-42 gelöscht
In Taeglich gibt nichts zu löschen (7 Sicherungen)
In Stuendlich gibt nichts zu löschen (6 Sicherungen)
#######################################################


BACKUP-Lauf vom Mi 9. Okt 19:51:36 CEST 2013
Es gibt nichts zu verschieben (6 Sicherungen)
Heute gibt es noch keine daily Sicherung. Kopiere älteste Hourly-Datei nach Taeglich
...erfolg.
Es gibt nichts zu verschieben (weniger als 7 Tages-Sicherungen)
Es gibt nichts zu verschieben (weniger als 4 Wochen-Sicherungen)
In Monatlich gibt nichts zu löschen (8 Sicherungen)
In Woechentlich gibt nichts zu löschen (4 Sicherungen)
In Taeglich gibt nichts zu löschen (7 Sicherungen)
In Stuendlich gibt nichts zu löschen (6 Sicherungen)
#######################################################


BACKUP-Lauf vom Mi 9. Okt 19:51:37 CEST 2013
Es gibt nichts zu verschieben (6 Sicherungen)
Heute gibt es noch keine daily Sicherung. Kopiere älteste Hourly-Datei nach Taeglich
...erfolg.
Es gibt nichts zu verschieben (weniger als 7 Tages-Sicherungen)
Es gibt nichts zu verschieben (weniger als 4 Wochen-Sicherungen)
In Monatlich gibt nichts zu löschen (8 Sicherungen)
In Woechentlich gibt nichts zu löschen (4 Sicherungen)
In Taeglich gibt nichts zu löschen (7 Sicherungen)
In Stuendlich gibt nichts zu löschen (6 Sicherungen)
#######################################################


BACKUP-Lauf vom Mi 9. Okt 19:52:07 CEST 2013
Es gibt nichts zu verschieben (4 Sicherungen)
Heute gibt es noch keine daily Sicherung. Kopiere älteste Hourly-Datei nach Taeglich
...erfolg.
Für diese Woche gibt es schon ein Backup :) ... ich lasse die Finger von Woechentlich
Es gibt nichts zu verschieben (weniger als 4 Wochen-Sicherungen)
In Monatlich gibt nichts zu löschen (4 Sicherungen)
In Woechentlich gibt nichts zu löschen (4 Sicherungen)
2013-10-07_41_16-16 gelöscht
In Stuendlich gibt nichts zu löschen (4 Sicherungen)
#######################################################


BACKUP-Lauf vom Mi 9. Okt 19:52:12 CEST 2013
Es gibt nichts zu verschieben (4 Sicherungen)
Heute gibt es noch keine daily Sicherung. Kopiere älteste Hourly-Datei nach Taeglich
...erfolg.
Es gibt nichts zu verschieben (weniger als 4 Tages-Sicherungen)
Es gibt nichts zu verschieben (weniger als 4 Wochen-Sicherungen)
In Monatlich gibt nichts zu löschen (4 Sicherungen)
In Woechentlich gibt nichts zu löschen (4 Sicherungen)
2013-10-08_41_16-16 gelöscht
In Stuendlich gibt nichts zu löschen (4 Sicherungen)
#######################################################


BACKUP-Lauf vom Mi 9. Okt 19:52:14 CEST 2013
Es gibt nichts zu verschieben (4 Sicherungen)
Heute gibt es noch keine daily Sicherung. Kopiere älteste Hourly-Datei nach Taeglich
...erfolg.
Es gibt nichts zu verschieben (weniger als 4 Tages-Sicherungen)
Es gibt nichts zu verschieben (weniger als 4 Wochen-Sicherungen)
In Monatlich gibt nichts zu löschen (4 Sicherungen)
In Woechentlich gibt nichts zu löschen (4 Sicherungen)
In Taeglich gibt nichts zu löschen (4 Sicherungen)
In Stuendlich gibt nichts zu löschen (4 Sicherungen)
#######################################################


BACKUP-Lauf vom Mi 9. Okt 19:52:15 CEST 2013
Es gibt nichts zu verschieben (4 Sicherungen)
Heute gibt es noch keine daily Sicherung. Kopiere älteste Hourly-Datei nach Taeglich
...erfolg.
Es gibt nichts zu verschieben (weniger als 4 Tages-Sicherungen)
Es gibt nichts zu verschieben (weniger als 4 Wochen-Sicherungen)
In Monatlich gibt nichts zu löschen (4 Sicherungen)
In Woechentlich gibt nichts zu löschen (4 Sicherungen)
In Taeglich gibt nichts zu löschen (4 Sicherungen)
In Stuendlich gibt nichts zu löschen (4 Sicherungen)
#######################################################


BACKUP-Lauf vom Mi 9. Okt 19:53:32 CEST 2013
Es gibt nichts zu verschieben (4 Sicherungen)
Heute gibt es noch keine daily Sicherung. Kopiere älteste Hourly-Datei nach Taeglich
...erfolg.
Es gibt nichts zu verschieben (weniger als 4 Tages-Sicherungen)
Es gibt nichts zu verschieben (weniger als 4 Wochen-Sicherungen)
In Monatlich gibt nichts zu löschen (4 Sicherungen)
In Woechentlich gibt nichts zu löschen (4 Sicherungen)
In Taeglich gibt nichts zu löschen (4 Sicherungen)
In Stuendlich gibt nichts zu löschen (4 Sicherungen)
#######################################################


BACKUP-Lauf vom Mi 9. Okt 19:53:47 CEST 2013
Es gibt nichts zu verschieben (3 Sicherungen)
Heute gibt es noch keine daily Sicherung. Kopiere älteste Hourly-Datei nach Taeglich
...erfolg.
Es gibt nichts zu verschieben (weniger als 3 Tages-Sicherungen)
Es gibt nichts zu verschieben (weniger als 3 Wochen-Sicherungen)
In Monatlich gibt nichts zu löschen (3 Sicherungen)
/home/az/Entwicklung/linuxmuster/backup/Woechentlich/2013-10-06_39_16-16 gelöscht
/home/az/Entwicklung/linuxmuster/backup/Taeglich/2013-10-09_41_20-16 gelöscht
/home/az/Entwicklung/linuxmuster/backup/Stuendlich/2013-10-09_51_21-16 gelöscht
#######################################################


BACKUP-Lauf vom Mi 9. Okt 19:54:28 CEST 2013
Es gibt nichts zu verschieben (3 Sicherungen)
Heute gibt es noch keine daily Sicherung. Kopiere älteste Hourly-Datei nach Taeglich
...erfolg.
Es gibt nichts zu verschieben (weniger als 3 Tages-Sicherungen)
Es gibt nichts zu verschieben (weniger als 3 Wochen-Sicherungen)
In Monatlich gibt nichts zu löschen (3 Sicherungen)
In Woechentlich gibt nichts zu löschen (3 Sicherungen)
Taeglich/2013-10-09_51_21-16 gelöscht
In Stuendlich gibt nichts zu löschen (3 Sicherungen)
#######################################################


BACKUP-Lauf vom Mi 9. Okt 19:54:52 CEST 2013
Es gibt nichts zu verschieben (3 Sicherungen)
Heute gibt es noch keine daily Sicherung. Kopiere älteste Hourly-Datei nach Taeglich
...erfolg.
Es gibt nichts zu verschieben (weniger als 3 Tages-Sicherungen)
Es gibt nichts zu verschieben (weniger als 3 Wochen-Sicherungen)
In Monatlich gibt nichts zu löschen (3 Sicherungen)
In Woechentlich gibt nichts zu löschen (3 Sicherungen)
In Taeglich gibt nichts zu löschen (3 Sicherungen)
In Stuendlich gibt nichts zu löschen (3 Sicherungen)
#######################################################


BACKUP-Lauf vom Mi 9. Okt 19:55:49 CEST 2013
Es gibt nichts zu verschieben (3 Sicherungen)
Heute gibt es noch keine daily Sicherung. Kopiere älteste Hourly-Datei nach Taeglich
...erfolg.
Es gibt nichts zu verschieben (weniger als 3 Tages-Sicherungen)
Es gibt nichts zu verschieben (weniger als 3 Wochen-Sicherungen)
In Monatlich gibt nichts zu löschen (3 Sicherungen)
In Woechentlich gibt nichts zu löschen (3 Sicherungen)
In Taeglich gibt nichts zu löschen (3 Sicherungen)
In Stuendlich gibt nichts zu löschen (3 Sicherungen)
#######################################################


BACKUP-Lauf vom Mi 9. Okt 19:55:53 CEST 2013
Es gibt nichts zu verschieben (3 Sicherungen)
Heute gibt es noch keine daily Sicherung. Kopiere älteste Hourly-Datei nach Taeglich
...erfolg.
Es gibt nichts zu verschieben (weniger als 3 Tages-Sicherungen)
Es gibt nichts zu verschieben (weniger als 3 Wochen-Sicherungen)
In Monatlich gibt nichts zu löschen (3 Sicherungen)
In Woechentlich gibt nichts zu löschen (3 Sicherungen)
In Taeglich gibt nichts zu löschen (3 Sicherungen)
In Stuendlich gibt nichts zu löschen (3 Sicherungen)
#######################################################


BACKUP-Lauf vom Mi 9. Okt 19:56:00 CEST 2013
Es gibt nichts zu verschieben (3 Sicherungen)
Heute gibt es noch keine daily Sicherung. Kopiere älteste Hourly-Datei nach Taeglich
...erfolg.
Es gibt nichts zu verschieben (weniger als 3 Tages-Sicherungen)
Es gibt nichts zu verschieben (weniger als 3 Wochen-Sicherungen)
In Monatlich gibt nichts zu löschen (3 Sicherungen)
In Woechentlich gibt nichts zu löschen (3 Sicherungen)
In Taeglich gibt nichts zu löschen (3 Sicherungen)
In Stuendlich gibt nichts zu löschen (3 Sicherungen)
#######################################################


BACKUP-Lauf vom Mi 9. Okt 20:00:32 CEST 2013
'Stuendlich' existiert nicht... erzeuge das Verzeichnis:...hat geklappt.
'Taeglich' existiert nicht... erzeuge das Verzeichnis:...hat geklappt.
'Woechentlich' existiert nicht... erzeuge das Verzeichnis:...hat geklappt.
'Monatlich' existiert nicht... erzeuge das Verzeichnis:...hat geklappt.
Es gibt nichts zu verschieben (3 Sicherungen)
Für heute gibt es schon ein tägliches Backup :) ... ich lasse die Finger von Taeglich
Es gibt nichts zu verschieben (weniger als 3 Tages-Sicherungen)
Es gibt nichts zu verschieben (weniger als 3 Wochen-Sicherungen)
In Monatlich gibt nichts zu löschen (3 Sicherungen)
In Woechentlich gibt nichts zu löschen (3 Sicherungen)
In Taeglich gibt nichts zu löschen (3 Sicherungen)
In Stuendlich gibt nichts zu löschen (3 Sicherungen)
